-------------------------------------------------------------------------------
Test set: com.example.phuongnguyen.sqlinjectiondemo.SqlInjectionDemoApplicationTests
-------------------------------------------------------------------------------
Tests run: 1, Failures: 0, Errors: 1, Skipped: 0, Time elapsed: 0.359 s <<< FAILURE! - in com.github.brianmmcclain.sqlinjectiondemo.SqlInjectionDemoApplicationTests
com.example.phuongnguyen.sqlinjectiondemo.SqlInjectionDemoApplicationTests  Time elapsed: 0.358 s  <<< ERROR!
java.lang.IllegalStateException: Unable to find a @SpringBootConfiguration, you need to use @ContextConfiguration or @SpringBootTest(classes=...) with your test

