<?xml version="1.0" encoding="UTF-8"?>
<testsuite xmlns:xsi="http://www.w3.org/2001/XMLSchema-instance" xsi:noNamespaceSchemaLocation="https://maven.apache.org/surefire/maven-surefire-plugin/xsd/surefire-test-report.xsd" name="com.github.brianmmcclain.sqlinjectiondemo.SqlInjectionDemoApplicationTests" time="0.359" tests="1" errors="1" skipped="0" failures="0">
  <properties>
[...]
</properties>
  <testcase name="com.github.brianmmcclain.sqlinjectiondemo.SqlInjectionDemoApplicationTests" classname="com.github.brianmmcclain.sqlinjectiondemo.SqlInjectionDemoApplicationTests" time="0.358">
    <error message="Unable to find a @SpringBootConfiguration, you need to use @ContextConfiguration or @SpringBootTest(classes=...) with your test" type="java.lang.IllegalStateException">java.lang.IllegalStateException: Unable to find a @SpringBootConfiguration, you need to use @ContextConfiguration or @SpringBootTest(classes=...) with your test
</error>
    <system-out><![CDATA[07:17:32.667 [main] DEBUG org.springframework.test.context.BootstrapUtils - Instantiating CacheAwareContextLoaderDelegate from class [org.springframework.test.context.cache.DefaultCacheAwareContextLoaderDelegate]
07:17:32.681 [main] DEBUG org.springframework.test.context.BootstrapUtils - Instantiating BootstrapContext using constructor [public org.springframework.test.context.support.DefaultBootstrapContext(java.lang.Class,org.springframework.test.context.CacheAwareContextLoaderDelegate)]
07:17:32.710 [main] DEBUG org.springframework.test.context.BootstrapUtils - Instantiating TestContextBootstrapper for test class [com.github.brianmmcclain.sqlinjectiondemo.SqlInjectionDemoApplicationTests] from class [org.springframework.boot.test.context.SpringBootTestContextBootstrapper]
07:17:32.728 [main] INFO org.springframework.boot.test.context.SpringBootTestContextBootstrapper - Neither @ContextConfiguration nor @ContextHierarchy found for test class [com.github.brianmmcclain.sqlinjectiondemo.SqlInjectionDemoApplicationTests], using SpringBootContextLoader
07:17:32.733 [main] DEBUG org.springframework.test.context.support.AbstractContextLoader - Did not detect default resource location for test class [com.github.brianmmcclain.sqlinjectiondemo.SqlInjectionDemoApplicationTests]: class path resource [com/github/brianmmcclain/sqlinjectiondemo/SqlInjectionDemoApplicationTests-context.xml] does not exist
07:17:32.734 [main] DEBUG org.springframework.test.context.support.AbstractContextLoader - Did not detect default resource location for test class [com.github.brianmmcclain.sqlinjectiondemo.SqlInjectionDemoApplicationTests]: class path resource [com/github/brianmmcclain/sqlinjectiondemo/SqlInjectionDemoApplicationTestsContext.groovy] does not exist
07:17:32.734 [main] INFO org.springframework.test.context.support.AbstractContextLoader - Could not detect default resource locations for test class [com.github.brianmmcclain.sqlinjectiondemo.SqlInjectionDemoApplicationTests]: no resource found for suffixes {-context.xml, Context.groovy}.
07:17:32.735 [main] INFO org.springframework.test.context.support.AnnotationConfigContextLoaderUtils - Could not detect default configuration classes for test class [com.github.brianmmcclain.sqlinjectiondemo.SqlInjectionDemoApplicationTests]: SqlInjectionDemoApplicationTests does not declare any static, non-private, non-final, nested classes annotated with @Configuration.
07:17:32.775 [main] DEBUG org.springframework.test.context.support.ActiveProfilesUtils - Could not find an 'annotation declaring class' for annotation type [org.springframework.test.context.ActiveProfiles] and class [com.github.brianmmcclain.sqlinjectiondemo.SqlInjectionDemoApplicationTests]
07:17:32.855 [main] DEBUG org.springframework.test.context.BootstrapUtils - Instantiating CacheAwareContextLoaderDelegate from class [org.springframework.test.context.cache.DefaultCacheAwareContextLoaderDelegate]
07:17:32.855 [main] DEBUG org.springframework.test.context.BootstrapUtils - Instantiating BootstrapContext using constructor [public org.springframework.test.context.support.DefaultBootstrapContext(java.lang.Class,org.springframework.test.context.CacheAwareContextLoaderDelegate)]
07:17:32.855 [main] DEBUG org.springframework.test.context.BootstrapUtils - Instantiating TestContextBootstrapper for test class [com.github.brianmmcclain.sqlinjectiondemo.SqlInjectionDemoApplicationTests] from class [org.springframework.boot.test.context.SpringBootTestContextBootstrapper]
07:17:32.856 [main] INFO org.springframework.boot.test.context.SpringBootTestContextBootstrapper - Neither @ContextConfiguration nor @ContextHierarchy found for test class [com.github.brianmmcclain.sqlinjectiondemo.SqlInjectionDemoApplicationTests], using SpringBootContextLoader
07:17:32.858 [main] DEBUG org.springframework.test.context.support.AbstractContextLoader - Did not detect default resource location for test class [com.github.brianmmcclain.sqlinjectiondemo.SqlInjectionDemoApplicationTests]: class path resource [com/github/brianmmcclain/sqlinjectiondemo/SqlInjectionDemoApplicationTests-context.xml] does not exist
07:17:32.858 [main] DEBUG org.springframework.test.context.support.AbstractContextLoader - Did not detect default resource location for test class [com.github.brianmmcclain.sqlinjectiondemo.SqlInjectionDemoApplicationTests]: class path resource [com/github/brianmmcclain/sqlinjectiondemo/SqlInjectionDemoApplicationTestsContext.groovy] does not exist
07:17:32.858 [main] INFO org.springframework.test.context.support.AbstractContextLoader - Could not detect default resource locations for test class [com.github.brianmmcclain.sqlinjectiondemo.SqlInjectionDemoApplicationTests]: no resource found for suffixes {-context.xml, Context.groovy}.
07:17:32.859 [main] INFO org.springframework.test.context.support.AnnotationConfigContextLoaderUtils - Could not detect default configuration classes for test class [com.github.brianmmcclain.sqlinjectiondemo.SqlInjectionDemoApplicationTests]: SqlInjectionDemoApplicationTests does not declare any static, non-private, non-final, nested classes annotated with @Configuration.
07:17:32.866 [main] DEBUG org.springframework.test.context.support.ActiveProfilesUtils - Could not find an 'annotation declaring class' for annotation type [org.springframework.test.context.ActiveProfiles] and class [com.github.brianmmcclain.sqlinjectiondemo.SqlInjectionDemoApplicationTests]
07:17:32.898 [main] DEBUG org.springframework.test.context.BootstrapUtils - Instantiating CacheAwareContextLoaderDelegate from class [org.springframework.test.context.cache.DefaultCacheAwareContextLoaderDelegate]
07:17:32.899 [main] DEBUG org.springframework.test.context.BootstrapUtils - Instantiating BootstrapContext using constructor [public org.springframework.test.context.support.DefaultBootstrapContext(java.lang.Class,org.springframework.test.context.CacheAwareContextLoaderDelegate)]
07:17:32.900 [main] DEBUG org.springframework.test.context.BootstrapUtils - Instantiating TestContextBootstrapper for test class [com.github.brianmmcclain.sqlinjectiondemo.SqlInjectionDemoApplicationTests] from class [org.springframework.boot.test.context.SpringBootTestContextBootstrapper]
07:17:32.902 [main] INFO org.springframework.boot.test.context.SpringBootTestContextBootstrapper - Neither @ContextConfiguration nor @ContextHierarchy found for test class [com.github.brianmmcclain.sqlinjectiondemo.SqlInjectionDemoApplicationTests], using SpringBootContextLoader
07:17:32.903 [main] DEBUG org.springframework.test.context.support.AbstractContextLoader - Did not detect default resource location for test class [com.github.brianmmcclain.sqlinjectiondemo.SqlInjectionDemoApplicationTests]: class path resource [com/github/brianmmcclain/sqlinjectiondemo/SqlInjectionDemoApplicationTests-context.xml] does not exist
07:17:32.904 [main] DEBUG org.springframework.test.context.support.AbstractContextLoader - Did not detect default resource location for test class [com.github.brianmmcclain.sqlinjectiondemo.SqlInjectionDemoApplicationTests]: class path resource [com/github/brianmmcclain/sqlinjectiondemo/SqlInjectionDemoApplicationTestsContext.groovy] does not exist
07:17:32.904 [main] INFO org.springframework.test.context.support.AbstractContextLoader - Could not detect default resource locations for test class [com.github.brianmmcclain.sqlinjectiondemo.SqlInjectionDemoApplicationTests]: no resource found for suffixes {-context.xml, Context.groovy}.
07:17:32.905 [main] INFO org.springframework.test.context.support.AnnotationConfigContextLoaderUtils - Could not detect default configuration classes for test class [com.github.brianmmcclain.sqlinjectiondemo.SqlInjectionDemoApplicationTests]: SqlInjectionDemoApplicationTests does not declare any static, non-private, non-final, nested classes annotated with @Configuration.
07:17:32.908 [main] DEBUG org.springframework.test.context.support.ActiveProfilesUtils - Could not find an 'annotation declaring class' for annotation type [org.springframework.test.context.ActiveProfiles] and class [com.github.brianmmcclain.sqlinjectiondemo.SqlInjectionDemoApplicationTests]
]]></system-out>
  </testcase>
</testsuite>